<?xml version="1.0" encoding="UTF-8"?>
<!-- Generated by org.testng.reporters.JUnitXMLReporter -->
<testsuite ignored="1" hostname="LAPTOP-N64GDBTS" failures="0" tests="1" name="Default test" time="9.473" errors="0" timestamp="2023-07-25T11:53:08 IST">
  <testcase classname="day2.DiffWaysToCreatePostRequestBody" name="testPostusingHAshMap" time="9.321"/>
  <testcase classname="day2.DiffWaysToCreatePostRequestBody" name="testDelete" time="0.0">
    <ignored/>
  </testcase> <!-- testDelete -->
</testsuite> <!-- Default test -->
